<?xml version="1.0" encoding="UTF-8"?>
<!-- Generated by org.testng.reporters.JUnitXMLReporter -->
<testsuite ignored="0" hostname="DESKTOP-CTNIRRU" failures="1" tests="4" name="Test" time="11.654" errors="0" timestamp="04 Jul 2023 09:44:53 GMT">
  <testcase classname="test1.Alert" name="clickbutton" time="0.119"/>
  <testcase classname="test1.Alert" name="AlertVerify" time="0.142"/>
  <testcase classname="test1.Alert" name="text" time="0.141"/>
  <testcase classname="test1.Alert" name="waittext" time="0.129">
    <failure type="java.lang.NullPointerException" message="Cannot invoke &amp;quot;org.openqa.selenium.support.ui.WebDriverWait.until(java.util.function.Function)&amp;quot; because &amp;quot;this.wait&amp;quot; is null">
      <![CDATA[java.lang.NullPointerException: Cannot invoke "org.openqa.selenium.support.ui.WebDriverWait.until(java.util.function.Function)" because "this.wait" is null
	at test1.Alert.waittext(Alert.java:61)
... Removed 23 stack frames]]>
    </failure>
  </testcase> <!-- waittext -->
</testsuite> <!-- Test -->
